[18:18:03] [Client thread/INFO]: Setting user: Player867
[18:18:14] [Client thread/INFO]: LWJGL Version: 2.9.4
[18:18:17] [Client thread/INFO]: [STDOUT]: ---- Minecraft Crash Report ----
// There are four lights!

Time: 12/17/16 6:18 PM
Description: Loading screen debug info

This is just a prompt for computer specs to be printed. THIS IS NOT A ERROR


A detailed walkthrough of the error, its code path and all known details is as follows:
---------------------------------------------------------------------------------------

-- System Details --
Details:
	Minecraft Version: 1.11
	Operating System: Windows 8.1 (amd64) version 6.3
	Java Version: 1.8.0_111, Oracle Corporation
	Java VM Version: Java HotSpot(TM) 64-Bit Server VM (mixed mode), Oracle Corporation
	Memory: 204266048 bytes (194 MB) / 398983168 bytes (380 MB) up to 1908932608 bytes (1820 MB)
	JVM Flags: 1 total; -Xmx2G
	IntCache: cache: 0, tcache: 0, allocated: 0, tallocated: 0
	FML: 
	Loaded coremods (and transformers): 
	GL info: ' Vendor: 'Intel' Version: '4.3.0 - Build 10.18.14.4251' Renderer: 'Intel(R) HD Graphics 4400'
[18:18:26] [Client thread/INFO]: Reloading ResourceManager: Default, FMLFileResourcePack:Forge Mod Loader, FMLFileResourcePack:Minecraft Forge, FMLFileResourcePack:Llamas with Hats, FMLFileResourcePack:Example Mod
[18:18:36] [Sound Library Loader/INFO]: Starting up SoundSystem...
[18:18:36] [Thread-8/INFO]: Initializing LWJGL OpenAL
[18:18:36] [Thread-8/INFO]: (The LWJGL binding of OpenAL.  For more information, see http://www.lwjgl.org)
[18:18:37] [Thread-8/INFO]: OpenAL initialized.
[18:18:37] [Sound Library Loader/INFO]: Sound engine started
[18:18:49] [Client thread/INFO]: Created: 16x16 textures-atlas
[18:18:53] [Client thread/INFO]: [STDOUT]: DIRT BLOCK >> tile.dirt
[18:18:53] [Client thread/INFO]: Reloading ResourceManager: Default, FMLFileResourcePack:Forge Mod Loader, FMLFileResourcePack:Minecraft Forge, FMLFileResourcePack:Llamas with Hats, FMLFileResourcePack:Example Mod
[18:19:01] [Client thread/INFO]: SoundSystem shutting down...
[18:19:01] [Client thread/WARN]: Author: Paul Lamb, www.paulscode.com
[18:19:01] [Sound Library Loader/INFO]: Starting up SoundSystem...
[18:19:02] [Thread-10/INFO]: Initializing LWJGL OpenAL
[18:19:02] [Thread-10/INFO]: (The LWJGL binding of OpenAL.  For more information, see http://www.lwjgl.org)
[18:19:02] [Thread-10/INFO]: OpenAL initialized.
[18:19:02] [Sound Library Loader/INFO]: Sound engine started
[18:19:13] [Client thread/INFO]: Created: 512x512 textures-atlas
[18:19:17] [Realms Notification Availability checker #1/INFO]: Could not authorize you against Realms server: Invalid session id
[18:19:52] [Client thread/INFO]: Stopping!
[18:19:52] [Client thread/INFO]: SoundSystem shutting down...
[18:19:53] [Client thread/WARN]: Author: Paul Lamb, www.paulscode.com
